[winston] Unknown logger level: Starting Nest application...
[winston] Unknown logger level: TypeOrmModule dependencies initialized
[winston] Unknown logger level: LoggerModule dependencies initialized
[winston] Unknown logger level: PassportModule dependencies initialized
[winston] Unknown logger level: MulterModule dependencies initialized
[winston] Unknown logger level: ThrottlerModule dependencies initialized
[winston] Unknown logger level: HealthModule dependencies initialized
[winston] Unknown logger level: ConfigHostModule dependencies initialized
[winston] Unknown logger level: WinstonModule dependencies initialized
[winston] Unknown logger level: ConfigModule dependencies initialized
[winston] Unknown logger level: ConfigModule dependencies initialized
[winston] Unknown logger level: JwtModule dependencies initialized
[winston] Unknown logger level: TypeOrmCoreModule dependencies initialized
[winston] Unknown logger level: TypeOrmModule dependencies initialized
[winston] Unknown logger level: TypeOrmModule dependencies initialized
[winston] Unknown logger level: TypeOrmModule dependencies initialized
[winston] Unknown logger level: TypeOrmModule dependencies initialized
[winston] Unknown logger level: TypeOrmModule dependencies initialized
[winston] Unknown logger level: TypeOrmModule dependencies initialized
[winston] Unknown logger level: TypeOrmModule dependencies initialized
[winston] Unknown logger level: TypeOrmModule dependencies initialized
[winston] Unknown logger level: TypeOrmModule dependencies initialized
[winston] Unknown logger level: TypeOrmModule dependencies initialized
[winston] Unknown logger level: TypeOrmModule dependencies initialized
[winston] Unknown logger level: TypeOrmModule dependencies initialized
[winston] Unknown logger level: TypeOrmModule dependencies initialized
[winston] Unknown logger level: TypeOrmModule dependencies initialized
[winston] Unknown logger level: TypeOrmModule dependencies initialized
[winston] Unknown logger level: TypeOrmModule dependencies initialized
[winston] Unknown logger level: TypeOrmModule dependencies initialized
[winston] Unknown logger level: AuditModule dependencies initialized
[winston] Unknown logger level: AuthModule dependencies initialized
[winston] Unknown logger level: IepModule dependencies initialized
[winston] Unknown logger level: ReportsModule dependencies initialized
[winston] Unknown logger level: NotificationsModule dependencies initialized
[winston] Unknown logger level: BehaviorModule dependencies initialized
[winston] Unknown logger level: InclusionModule dependencies initialized
[winston] Unknown logger level: DailyPlanModule dependencies initialized
[winston] Unknown logger level: LocationsModule dependencies initialized
[winston] Unknown logger level: RtiModule dependencies initialized
[winston] Unknown logger level: EarlyWarningModule dependencies initialized
[winston] Unknown logger level: FbaModule dependencies initialized
[winston] Unknown logger level: AbcModule dependencies initialized
[winston] Unknown logger level: ParentModule dependencies initialized
[winston] Unknown logger level: PrivacyModule dependencies initialized
[winston] Unknown logger level: AppModule dependencies initialized
[winston] Unknown logger level: StudentsModule dependencies initialized
[winston] Unknown logger level: MediaModule dependencies initialized
[winston] Unknown logger level: AppController {/api}:
[winston] Unknown logger level: Mapped {/api, GET} route
[winston] Unknown logger level: AuthController {/api/auth}:
[winston] Unknown logger level: Mapped {/api/auth/login, POST} route
[winston] Unknown logger level: Mapped {/api/auth/refresh, POST} route
[winston] Unknown logger level: Mapped {/api/auth/logout, POST} route
[winston] Unknown logger level: Mapped {/api/auth/logout-all, POST} route
[winston] Unknown logger level: Mapped {/api/auth/profile, GET} route
[winston] Unknown logger level: Mapped {/api/auth/profile, PUT} route
[winston] Unknown logger level: Mapped {/api/auth/locations, GET} route
[winston] Unknown logger level: Mapped {/api/auth/change-password, POST} route
[winston] Unknown logger level: Mapped {/api/auth/users, GET} route
[winston] Unknown logger level: Mapped {/api/auth/users/:id, GET} route
[winston] Unknown logger level: Mapped {/api/auth/users, POST} route
[winston] Unknown logger level: Mapped {/api/auth/users/:id, PUT} route
[winston] Unknown logger level: Mapped {/api/auth/users/:id, DELETE} route
[winston] Unknown logger level: Mapped {/api/auth/users/:id/reset-password, POST} route
[winston] Unknown logger level: StudentsController {/api/students}:
[winston] Unknown logger level: Mapped {/api/students, GET} route
[winston] Unknown logger level: Mapped {/api/students/:id, GET} route
[winston] Unknown logger level: Mapped {/api/students/:id/export, GET} route
[winston] Unknown logger level: Mapped {/api/students, POST} route
[winston] Unknown logger level: Mapped {/api/students/:id, PUT} route
[winston] Unknown logger level: Mapped {/api/students/:id, DELETE} route
[winston] Unknown logger level: IepController {/api/iep}:
[winston] Unknown logger level: Mapped {/api/iep/plans/student/:studentId, GET} route
[winston] Unknown logger level: Mapped {/api/iep/plans, GET} route
[winston] Unknown logger level: Mapped {/api/iep/plans/:id, GET} route
[winston] Unknown logger level: Mapped {/api/iep/plans, POST} route
[winston] Unknown logger level: Mapped {/api/iep/plans/:id, PUT} route
[winston] Unknown logger level: Mapped {/api/iep/plans/:id/versions, GET} route
[winston] Unknown logger level: Mapped {/api/iep/generate-plop/:studentId, GET} route
[winston] Unknown logger level: Mapped {/api/iep/generate-goal/:planId, GET} route
[winston] Unknown logger level: Mapped {/api/iep/goals, POST} route
[winston] Unknown logger level: Mapped {/api/iep/goals/:id, PUT} route
[winston] Unknown logger level: Mapped {/api/iep/goals/:id, DELETE} route
[winston] Unknown logger level: ReportsController {/api/reports}:
[winston] Unknown logger level: Mapped {/api/reports/summary, GET} route
[winston] Unknown logger level: Mapped {/api/reports/iep/:studentId/pdf, GET} route
[winston] Unknown logger level: Mapped {/api/reports/rti/:studentId/pdf, GET} route
[winston] Unknown logger level: Mapped {/api/reports/fba/:fbaId/pdf, GET} route
[winston] Unknown logger level: Mapped {/api/reports/comprehensive/:studentId/pdf, GET} route
[winston] Unknown logger level: Mapped {/api/reports/attendance/:studentId/csv, GET} route
[winston] Unknown logger level: MediaController {/api/media}:
[winston] Unknown logger level: Mapped {/api/media/upload, POST} route
[winston] Unknown logger level: Mapped {/api/media, GET} route
[winston] Unknown logger level: Mapped {/api/media/:id, GET} route
[winston] Unknown logger level: Mapped {/api/media/:id/file, GET} route
[winston] Unknown logger level: Mapped {/api/media/:id, DELETE} route
[winston] Unknown logger level: NotificationsController {/api/notifications}:
[winston] Unknown logger level: Mapped {/api/notifications, POST} route
[winston] Unknown logger level: Mapped {/api/notifications, GET} route
[winston] Unknown logger level: Mapped {/api/notifications/unread-count, GET} route
[winston] Unknown logger level: Mapped {/api/notifications/:id/read, PUT} route
[winston] Unknown logger level: Mapped {/api/notifications/read-all, PUT} route
[winston] Unknown logger level: BehaviorController {/api/behavior}:
[winston] Unknown logger level: Mapped {/api/behavior/assessments, POST} route
[winston] Unknown logger level: Mapped {/api/behavior/assessments/student/:studentId, GET} route
[winston] Unknown logger level: Mapped {/api/behavior/trend/:studentId, GET} route
[winston] Unknown logger level: Mapped {/api/behavior/assessments/:id, DELETE} route
[winston] Unknown logger level: InclusionController {/api/inclusion}:
[winston] Unknown logger level: Mapped {/api/inclusion/accommodations, POST} route
[winston] Unknown logger level: Mapped {/api/inclusion/accommodations/student/:studentId, GET} route
[winston] Unknown logger level: Mapped {/api/inclusion/accommodations/:id, PUT} route
[winston] Unknown logger level: Mapped {/api/inclusion/accommodations/:id, DELETE} route
[winston] Unknown logger level: DailyPlanController {/api/daily-plan}:
[winston] Unknown logger level: Mapped {/api/daily-plan, GET} route
[winston] Unknown logger level: Mapped {/api/daily-plan/:id, GET} route
[winston] Unknown logger level: Mapped {/api/daily-plan, POST} route
[winston] Unknown logger level: Mapped {/api/daily-plan/:id, PUT} route
[winston] Unknown logger level: Mapped {/api/daily-plan/:id, DELETE} route
[winston] Unknown logger level: LocationsController {/api/locations}:
[winston] Unknown logger level: Mapped {/api/locations, GET} route
[winston] Unknown logger level: HealthController {/api/health}:
[winston] Unknown logger level: Mapped {/api/health, GET} route
[winston] Unknown logger level: RtiController {/api/rti}:
[winston] Unknown logger level: Mapped {/api/rti, POST} route
[winston] Unknown logger level: Mapped {/api/rti, GET} route
[winston] Unknown logger level: Mapped {/api/rti/student/:studentId, GET} route
[winston] Unknown logger level: Mapped {/api/rti/suggest/:studentId, GET} route
[winston] Unknown logger level: EarlyWarningController {/api/early-warning}:
[winston] Unknown logger level: Mapped {/api/early-warning/config, GET} route
[winston] Unknown logger level: Mapped {/api/early-warning/config/:id, PUT} route
[winston] Unknown logger level: Mapped {/api/early-warning/events, POST} route
[winston] Unknown logger level: Mapped {/api/early-warning/events/student/:studentId, GET} route
[winston] Unknown logger level: Mapped {/api/early-warning/flagged, GET} route
[winston] Unknown logger level: FbaController {/api/fba}:
[winston] Unknown logger level: Mapped {/api/fba, POST} route
[winston] Unknown logger level: Mapped {/api/fba/student/:studentId, GET} route
[winston] Unknown logger level: Mapped {/api/fba/:id, GET} route
[winston] Unknown logger level: Mapped {/api/fba/:id, PUT} route
[winston] Unknown logger level: Mapped {/api/fba/:id, DELETE} route
[winston] Unknown logger level: AbcController {/api/abc}:
[winston] Unknown logger level: Mapped {/api/abc, POST} route
[winston] Unknown logger level: Mapped {/api/abc/student/:studentId, GET} route
[winston] Unknown logger level: Mapped {/api/abc/trend/:studentId, GET} route
[winston] Unknown logger level: Mapped {/api/abc/:id, DELETE} route
[winston] Unknown logger level: ParentController {/api/parents}:
[winston] Unknown logger level: Mapped {/api/parents/login, POST} route
[winston] Unknown logger level: Mapped {/api/parents, POST} route
[winston] Unknown logger level: Mapped {/api/parents, GET} route
[winston] Unknown logger level: Mapped {/api/parents/:id, GET} route
[winston] Unknown logger level: Mapped {/api/parents/:id/children, GET} route
[winston] Unknown logger level: PrivacyController {/api/privacy}:
[winston] Unknown logger level: Mapped {/api/privacy/logs, GET} route
[winston] Unknown logger level: Mapped {/api/privacy/logs/student/:studentId, GET} route
[winston] Unknown logger level: Mapped {/api/privacy/logs/user/:userId, GET} route
[winston] Unknown logger level: Nest application successfully started
